Running Gradle task 'assembleRelease'...                        
flutter : lib/features/hom
e/presentation/pages/home_
screen.dart:33:8: Error: 
Error when reading 'lib/fe
atures/home/auth/data/kyc_
provider.dart': The 
system cannot find the 
path specified
At line:1 char:1
+ flutter build apk 
--release 2>&1 | Out-File 
-Encoding utf8 build_erro 
...
+ ~~~~~~~~~~~~~~~~~~~~~~~~
~~~~~~~~
    + CategoryInfo        
      : NotSpecified: (l  
  ib/features/ho... pat   
 h specified:String) [    
], RemoteException
    + FullyQualifiedError 
   Id : NativeCommandErr  
  or
 
import '../../auth/data/ky
c_provider.dart';
       ^
lib/features/home/presenta
tion/pages/home_screen.dar
t:266:37: Error: 
'KYCProvider' isn't a 
type.
    final kycProvider = Pr
ovider.of<KYCProvider>(con
text);
                          
          ^^^^^^^^^^^
lib/features/home/presenta
tion/pages/home_screen.dar
t:614:37: Error: 
'KYCProvider' isn't a 
type.
    final kycProvider = Pr
ovider.of<KYCProvider>(con
text, listen: false);
                          
          ^^^^^^^^^^^
Target 
kernel_snapshot_program 
failed: Exception


FAILURE: Build failed 
with an exception.

* What went wrong:
Execution failed for task 
':app:compileFlutterBuildR
elease'.
> Process 'command 'C:\Flu
tterVersions\flutter\bin\f
lutter.bat'' finished 
with non-zero exit value 1

* Try:
> Run with --stacktrace 
option to get the stack 
trace.
> Run with --info or 
--debug option to get 
more log output.
> Run with --scan to get 
full insights.
> Get more help at 
https://help.gradle.org.

BUILD FAILED in 53s
Running Gradle task 'assembleRelease'...                           53.9s
Gradle task 
assembleRelease failed 
with exit code 1
